[debug] [2021-09-16T15:30:28.148Z] ----------------------------------------------------------------------
[debug] [2021-09-16T15:30:28.150Z] Command:       /usr/local/bin/node /usr/local/bin/firebase emulators:start --only functions
[debug] [2021-09-16T15:30:28.150Z] CLI Version:   9.18.0
[debug] [2021-09-16T15:30:28.150Z] Platform:      darwin
[debug] [2021-09-16T15:30:28.151Z] Node Version:  v14.17.3
[debug] [2021-09-16T15:30:28.209Z] Time:          Thu Sep 16 2021 21:00:28 GMT+0530 (India Standard Time)
[debug] [2021-09-16T15:30:28.209Z] ----------------------------------------------------------------------
[debug] 
[debug] [2021-09-16T15:30:28.300Z] > command requires scopes: ["email","openid","https://www.googleapis.com/auth/cloudplatformprojects.readonly","https://www.googleapis.com/auth/firebase","https://www.googleapis.com/auth/cloud-platform"]
[debug] [2021-09-16T15:30:28.301Z] > authorizing via signed-in user (mohitjisharma07@gmail.com)
[info] i  emulators: Starting emulators: functions {"metadata":{"emulator":{"name":"hub"},"message":"Starting emulators: functions"}}
[debug] [2021-09-16T15:30:28.318Z] [hub] writing locator at /var/folders/ds/w0rt2pdx54gd_8h64v3938zh0000gn/T/hub-native-firebase-638cf.json
[warn] ⚠  functions: The following emulators are not running, calls to these services from the Functions emulator will affect production: auth, firestore, database, hosting, pubsub, storage {"metadata":{"emulator":{"name":"functions"},"message":"The following emulators are not running, calls to these services from the Functions emulator will affect production: \u001b[1mauth, firestore, database, hosting, pubsub, storage\u001b[22m"}}
[info] ✔  functions: Using node@14 from host. {"metadata":{"emulator":{"name":"functions"},"message":"Using node@14 from host."}}
[debug] [2021-09-16T15:30:28.338Z] defaultcredentials: writing to file /Users/mohit/.config/firebase/mohitjisharma07_gmail_com_application_default_credentials.json
[debug] [2021-09-16T15:30:28.351Z] Setting GAC to /Users/mohit/.config/firebase/mohitjisharma07_gmail_com_application_default_credentials.json {"metadata":{"emulator":{"name":"functions"},"message":"Setting GAC to /Users/mohit/.config/firebase/mohitjisharma07_gmail_com_application_default_credentials.json"}}
[debug] [2021-09-16T15:30:28.354Z] > refreshing access token with scopes: []
[debug] [2021-09-16T15:30:28.354Z] >>> HTTP REQUEST POST https://www.googleapis.com/oauth2/v3/token  
 <request body omitted>
[debug] [2021-09-16T15:30:29.071Z] <<< HTTP RESPONSE 200 {"pragma":"no-cache","cache-control":"no-cache, no-store, max-age=0, must-revalidate","date":"Thu, 16 Sep 2021 15:30:28 GMT","expires":"Mon, 01 Jan 1990 00:00:00 GMT","content-type":"application/json; charset=utf-8","vary":"X-Origin, Referer, Origin,Accept-Encoding","server":"scaffolding on HTTPServer2","x-xss-protection":"0","x-frame-options":"SAMEORIGIN","x-content-type-options":"nosniff","alt-svc":"h3=\":443\"; ma=2592000,h3-29=\":443\"; ma=2592000,h3-T051=\":443\"; ma=2592000,h3-Q050=\":443\"; ma=2592000,h3-Q046=\":443\"; ma=2592000,h3-Q043=\":443\"; ma=2592000,quic=\":443\"; ma=2592000; v=\"46,43\"","accept-ranges":"none","transfer-encoding":"chunked"}
[debug] [2021-09-16T15:30:29.231Z] >>> [apiv2][query] GET https://firebase.googleapis.com/v1beta1/projects/native-firebase-638cf/adminSdkConfig [none]
[debug] [2021-09-16T15:30:31.724Z] <<< [apiv2][status] GET https://firebase.googleapis.com/v1beta1/projects/native-firebase-638cf/adminSdkConfig 200
[debug] [2021-09-16T15:30:31.725Z] <<< [apiv2][body] GET https://firebase.googleapis.com/v1beta1/projects/native-firebase-638cf/adminSdkConfig {"projectId":"native-firebase-638cf","databaseURL":"https://native-firebase-638cf.firebaseio.com","storageBucket":"native-firebase-638cf.appspot.com"}
[debug] [2021-09-16T15:30:31.799Z] Ignoring unsupported arg: auto_download {"metadata":{"emulator":{"name":"ui"},"message":"Ignoring unsupported arg: auto_download"}}
[debug] [2021-09-16T15:30:31.799Z] Ignoring unsupported arg: port {"metadata":{"emulator":{"name":"ui"},"message":"Ignoring unsupported arg: port"}}
[debug] [2021-09-16T15:30:31.799Z] Starting Emulator UI with command {"binary":"node","args":["/Users/mohit/.cache/firebase/emulators/ui-v1.6.3/server.bundle.js"],"optionalArgs":[],"joinArgs":false} {"metadata":{"emulator":{"name":"ui"},"message":"Starting Emulator UI with command {\"binary\":\"node\",\"args\":[\"/Users/mohit/.cache/firebase/emulators/ui-v1.6.3/server.bundle.js\"],\"optionalArgs\":[],\"joinArgs\":false}"}}
[info] i  ui: Emulator UI logging to ui-debug.log {"metadata":{"emulator":{"name":"ui"},"message":"Emulator UI logging to \u001b[1mui-debug.log\u001b[22m"}}
[debug] [2021-09-16T15:30:32.030Z] Web / API server started at localhost:4000
 {"metadata":{"emulator":{"name":"ui"},"message":"Web / API server started at localhost:4000\n"}}
[info] i  functions: Watching "/Users/mohit/work/practiseCode/react-native/hunger-search/functions" for Cloud Functions... {"metadata":{"emulator":{"name":"functions"},"message":"Watching \"/Users/mohit/work/practiseCode/react-native/hunger-search/functions\" for Cloud Functions..."}}
[debug] [2021-09-16T15:30:32.138Z] [worker-pool] addWorker(~diagnostic~) {"metadata":{"emulator":{"name":"functions"},"message":"[worker-pool] addWorker(~diagnostic~)"}}
[debug] [2021-09-16T15:30:32.139Z] [worker-pool] Adding worker with key ~diagnostic~, total=1 {"metadata":{"emulator":{"name":"functions"},"message":"[worker-pool] Adding worker with key ~diagnostic~, total=1"}}
[debug] [2021-09-16T15:30:32.139Z] [worker-pool] submitWork(triggerId=) {"metadata":{"emulator":{"name":"functions"},"message":"[worker-pool] submitWork(triggerId=)"}}
[debug] [2021-09-16T15:30:32.139Z] [worker-~diagnostic~-c9dae7f3-0d6e-46f9-8e58-324b2e63ca18]: Assigning socketPath: /var/folders/ds/w0rt2pdx54gd_8h64v3938zh0000gn/T/fire_emu_1307.sock {"metadata":{"emulator":{"name":"functions"},"message":"[worker-~diagnostic~-c9dae7f3-0d6e-46f9-8e58-324b2e63ca18]: Assigning socketPath: /var/folders/ds/w0rt2pdx54gd_8h64v3938zh0000gn/T/fire_emu_1307.sock"}}
[debug] [2021-09-16T15:30:32.140Z] [worker-~diagnostic~-c9dae7f3-0d6e-46f9-8e58-324b2e63ca18]: BUSY {"metadata":{"emulator":{"name":"functions"},"message":"[worker-~diagnostic~-c9dae7f3-0d6e-46f9-8e58-324b2e63ca18]: BUSY"}}
[debug] [2021-09-16T15:30:34.984Z] [runtime-status] [1307] Functions runtime initialized. {"cwd":"/Users/mohit/work/practiseCode/react-native/hunger-search/functions","node_version":"14.17.3"} {"metadata":{"emulator":{"name":"functions"},"message":"[runtime-status] [1307] Functions runtime initialized. {\"cwd\":\"/Users/mohit/work/practiseCode/react-native/hunger-search/functions\",\"node_version\":\"14.17.3\"}"}}
[debug] [2021-09-16T15:30:34.985Z] [runtime-status] [1307] Disabled runtime features: undefined {"metadata":{"emulator":{"name":"functions"},"message":"[runtime-status] [1307] Disabled runtime features: undefined"}}
[debug] [2021-09-16T15:30:34.995Z] [runtime-status] [1307] Resolved module firebase-admin {"declared":true,"installed":true,"version":"9.11.1","resolution":"/Users/mohit/work/practiseCode/react-native/hunger-search/functions/node_modules/firebase-admin/lib/index.js"} {"metadata":{"emulator":{"name":"functions"},"message":"[runtime-status] [1307] Resolved module firebase-admin {\"declared\":true,\"installed\":true,\"version\":\"9.11.1\",\"resolution\":\"/Users/mohit/work/practiseCode/react-native/hunger-search/functions/node_modules/firebase-admin/lib/index.js\"}"}}
[debug] [2021-09-16T15:30:35.001Z] [runtime-status] [1307] Resolved module firebase-functions {"declared":true,"installed":true,"version":"3.15.5","resolution":"/Users/mohit/work/practiseCode/react-native/hunger-search/functions/node_modules/firebase-functions/lib/index.js"} {"metadata":{"emulator":{"name":"functions"},"message":"[runtime-status] [1307] Resolved module firebase-functions {\"declared\":true,\"installed\":true,\"version\":\"3.15.5\",\"resolution\":\"/Users/mohit/work/practiseCode/react-native/hunger-search/functions/node_modules/firebase-functions/lib/index.js\"}"}}
[debug] [2021-09-16T15:30:35.023Z] [runtime-status] [1307] Resolved module firebase-functions {"declared":true,"installed":true,"version":"3.15.5","resolution":"/Users/mohit/work/practiseCode/react-native/hunger-search/functions/node_modules/firebase-functions/lib/index.js"} {"metadata":{"emulator":{"name":"functions"},"message":"[runtime-status] [1307] Resolved module firebase-functions {\"declared\":true,\"installed\":true,\"version\":\"3.15.5\",\"resolution\":\"/Users/mohit/work/practiseCode/react-native/hunger-search/functions/node_modules/firebase-functions/lib/index.js\"}"}}
[debug] [2021-09-16T15:30:35.025Z] [runtime-status] [1307] Outgoing network have been stubbed. [{"name":"http","status":"mocked"},{"name":"http","status":"mocked"},{"name":"https","status":"mocked"},{"name":"https","status":"mocked"},{"name":"net","status":"mocked"}] {"metadata":{"emulator":{"name":"functions"},"message":"[runtime-status] [1307] Outgoing network have been stubbed. [{\"name\":\"http\",\"status\":\"mocked\"},{\"name\":\"http\",\"status\":\"mocked\"},{\"name\":\"https\",\"status\":\"mocked\"},{\"name\":\"https\",\"status\":\"mocked\"},{\"name\":\"net\",\"status\":\"mocked\"}]"}}
[debug] [2021-09-16T15:30:35.025Z] [runtime-status] [1307] Resolved module firebase-functions {"declared":true,"installed":true,"version":"3.15.5","resolution":"/Users/mohit/work/practiseCode/react-native/hunger-search/functions/node_modules/firebase-functions/lib/index.js"} {"metadata":{"emulator":{"name":"functions"},"message":"[runtime-status] [1307] Resolved module firebase-functions {\"declared\":true,\"installed\":true,\"version\":\"3.15.5\",\"resolution\":\"/Users/mohit/work/practiseCode/react-native/hunger-search/functions/node_modules/firebase-functions/lib/index.js\"}"}}
[debug] [2021-09-16T15:30:35.373Z] [runtime-status] [1307] Checked functions.config() {"config":{}} {"metadata":{"emulator":{"name":"functions"},"message":"[runtime-status] [1307] Checked functions.config() {\"config\":{}}"}}
[debug] [2021-09-16T15:30:35.373Z] [runtime-status] [1307] firebase-functions has been stubbed. {"functionsResolution":{"declared":true,"installed":true,"version":"3.15.5","resolution":"/Users/mohit/work/practiseCode/react-native/hunger-search/functions/node_modules/firebase-functions/lib/index.js"}} {"metadata":{"emulator":{"name":"functions"},"message":"[runtime-status] [1307] firebase-functions has been stubbed. {\"functionsResolution\":{\"declared\":true,\"installed\":true,\"version\":\"3.15.5\",\"resolution\":\"/Users/mohit/work/practiseCode/react-native/hunger-search/functions/node_modules/firebase-functions/lib/index.js\"}}"}}
[debug] [2021-09-16T15:30:35.374Z] [runtime-status] [1307] Resolved module firebase-functions {"declared":true,"installed":true,"version":"3.15.5","resolution":"/Users/mohit/work/practiseCode/react-native/hunger-search/functions/node_modules/firebase-functions/lib/index.js"} {"metadata":{"emulator":{"name":"functions"},"message":"[runtime-status] [1307] Resolved module firebase-functions {\"declared\":true,\"installed\":true,\"version\":\"3.15.5\",\"resolution\":\"/Users/mohit/work/practiseCode/react-native/hunger-search/functions/node_modules/firebase-functions/lib/index.js\"}"}}
[debug] [2021-09-16T15:30:35.374Z] [runtime-status] [1307] Resolved module firebase-admin {"declared":true,"installed":true,"version":"9.11.1","resolution":"/Users/mohit/work/practiseCode/react-native/hunger-search/functions/node_modules/firebase-admin/lib/index.js"} {"metadata":{"emulator":{"name":"functions"},"message":"[runtime-status] [1307] Resolved module firebase-admin {\"declared\":true,\"installed\":true,\"version\":\"9.11.1\",\"resolution\":\"/Users/mohit/work/practiseCode/react-native/hunger-search/functions/node_modules/firebase-admin/lib/index.js\"}"}}
[debug] [2021-09-16T15:30:35.375Z] [runtime-status] [1307] Resolved module firebase-functions {"declared":true,"installed":true,"version":"3.15.5","resolution":"/Users/mohit/work/practiseCode/react-native/hunger-search/functions/node_modules/firebase-functions/lib/index.js"} {"metadata":{"emulator":{"name":"functions"},"message":"[runtime-status] [1307] Resolved module firebase-functions {\"declared\":true,\"installed\":true,\"version\":\"3.15.5\",\"resolution\":\"/Users/mohit/work/practiseCode/react-native/hunger-search/functions/node_modules/firebase-functions/lib/index.js\"}"}}
[debug] [2021-09-16T15:30:35.375Z] [runtime-status] [1307] firebase-admin has been stubbed. {"adminResolution":{"declared":true,"installed":true,"version":"9.11.1","resolution":"/Users/mohit/work/practiseCode/react-native/hunger-search/functions/node_modules/firebase-admin/lib/index.js"}} {"metadata":{"emulator":{"name":"functions"},"message":"[runtime-status] [1307] firebase-admin has been stubbed. {\"adminResolution\":{\"declared\":true,\"installed\":true,\"version\":\"9.11.1\",\"resolution\":\"/Users/mohit/work/practiseCode/react-native/hunger-search/functions/node_modules/firebase-admin/lib/index.js\"}}"}}
[info] ✔  functions[us-central1-geocode]: http function initialized (http://localhost:5001/native-firebase-638cf/us-central1/geocode). {"metadata":{"emulator":{"name":"functions"},"message":"\u001b[1mhttp\u001b[22m function initialized (http://localhost:5001/native-firebase-638cf/us-central1/geocode)."}}
[info] ✔  functions[us-central1-placeNearby]: http function initialized (http://localhost:5001/native-firebase-638cf/us-central1/placeNearby). {"metadata":{"emulator":{"name":"functions"},"message":"\u001b[1mhttp\u001b[22m function initialized (http://localhost:5001/native-firebase-638cf/us-central1/placeNearby)."}}
[info] 
┌─────────────────────────────────────────────────────────────┐
│ ✔  All emulators ready! It is now safe to connect your app. │
│ i  View Emulator UI at http://localhost:4000                │
└─────────────────────────────────────────────────────────────┘

┌───────────┬────────────────┬─────────────────────────────────┐
│ Emulator  │ Host:Port      │ View in Emulator UI             │
├───────────┼────────────────┼─────────────────────────────────┤
│ Functions │ localhost:5001 │ http://localhost:4000/functions │
└───────────┴────────────────┴─────────────────────────────────┘
  Emulator Hub running at localhost:4400
  Other reserved ports: 4500

Issues? Report them at https://github.com/firebase/firebase-tools/issues and attach the *-debug.log files.
 
[debug] [2021-09-16T15:30:35.471Z] [worker-~diagnostic~-c9dae7f3-0d6e-46f9-8e58-324b2e63ca18]: IDLE {"metadata":{"emulator":{"name":"functions"},"message":"[worker-~diagnostic~-c9dae7f3-0d6e-46f9-8e58-324b2e63ca18]: IDLE"}}
[debug] [2021-09-16T16:13:29.450Z] [work-queue] {"queueLength":1,"workRunningCount":0}
[debug] [2021-09-16T16:13:29.454Z] [work-queue] {"queueLength":0,"workRunningCount":1}
[debug] [2021-09-16T16:13:29.456Z] Accepted request GET /native-firebase-638cf/us-central1/geocode?city=san%20francisco --> us-central1-geocode
[debug] [2021-09-16T16:13:29.581Z] [worker-pool] addWorker(us-central1-geocode) {"metadata":{"emulator":{"name":"functions"},"message":"[worker-pool] addWorker(us-central1-geocode)"}}
[debug] [2021-09-16T16:13:29.582Z] [worker-pool] Adding worker with key us-central1-geocode, total=1 {"metadata":{"emulator":{"name":"functions"},"message":"[worker-pool] Adding worker with key us-central1-geocode, total=1"}}
[debug] [2021-09-16T16:13:29.582Z] [worker-pool] submitWork(triggerId=us-central1-geocode) {"metadata":{"emulator":{"name":"functions"},"message":"[worker-pool] submitWork(triggerId=us-central1-geocode)"}}
[debug] [2021-09-16T16:13:29.582Z] [worker-us-central1-geocode-ce2940e8-6117-4614-8986-9b989116941c]: Assigning socketPath: /var/folders/ds/w0rt2pdx54gd_8h64v3938zh0000gn/T/fire_emu_1942.sock {"metadata":{"emulator":{"name":"functions"},"message":"[worker-us-central1-geocode-ce2940e8-6117-4614-8986-9b989116941c]: Assigning socketPath: /var/folders/ds/w0rt2pdx54gd_8h64v3938zh0000gn/T/fire_emu_1942.sock"}}
[debug] [2021-09-16T16:13:29.582Z] [worker-us-central1-geocode-ce2940e8-6117-4614-8986-9b989116941c]: BUSY {"metadata":{"emulator":{"name":"functions"},"message":"[worker-us-central1-geocode-ce2940e8-6117-4614-8986-9b989116941c]: BUSY"}}
[debug] [2021-09-16T16:13:31.728Z] [runtime-status] [1942] Functions runtime initialized. {"cwd":"/Users/mohit/work/practiseCode/react-native/hunger-search/functions","node_version":"14.17.3"} {"metadata":{"emulator":{"name":"functions"},"function":{"name":"us-central1-geocode"},"message":"[runtime-status] [1942] Functions runtime initialized. {\"cwd\":\"/Users/mohit/work/practiseCode/react-native/hunger-search/functions\",\"node_version\":\"14.17.3\"}"}}
[debug] [2021-09-16T16:13:31.730Z] [runtime-status] [1942] Disabled runtime features: undefined {"metadata":{"emulator":{"name":"functions"},"function":{"name":"us-central1-geocode"},"message":"[runtime-status] [1942] Disabled runtime features: undefined"}}
[debug] [2021-09-16T16:13:31.741Z] [runtime-status] [1942] Resolved module firebase-admin {"declared":true,"installed":true,"version":"9.11.1","resolution":"/Users/mohit/work/practiseCode/react-native/hunger-search/functions/node_modules/firebase-admin/lib/index.js"} {"metadata":{"emulator":{"name":"functions"},"function":{"name":"us-central1-geocode"},"message":"[runtime-status] [1942] Resolved module firebase-admin {\"declared\":true,\"installed\":true,\"version\":\"9.11.1\",\"resolution\":\"/Users/mohit/work/practiseCode/react-native/hunger-search/functions/node_modules/firebase-admin/lib/index.js\"}"}}
[debug] [2021-09-16T16:13:31.748Z] [runtime-status] [1942] Resolved module firebase-functions {"declared":true,"installed":true,"version":"3.15.5","resolution":"/Users/mohit/work/practiseCode/react-native/hunger-search/functions/node_modules/firebase-functions/lib/index.js"} {"metadata":{"emulator":{"name":"functions"},"function":{"name":"us-central1-geocode"},"message":"[runtime-status] [1942] Resolved module firebase-functions {\"declared\":true,\"installed\":true,\"version\":\"3.15.5\",\"resolution\":\"/Users/mohit/work/practiseCode/react-native/hunger-search/functions/node_modules/firebase-functions/lib/index.js\"}"}}
[debug] [2021-09-16T16:13:31.751Z] [runtime-status] [1942] Resolved module firebase-functions {"declared":true,"installed":true,"version":"3.15.5","resolution":"/Users/mohit/work/practiseCode/react-native/hunger-search/functions/node_modules/firebase-functions/lib/index.js"} {"metadata":{"emulator":{"name":"functions"},"function":{"name":"us-central1-geocode"},"message":"[runtime-status] [1942] Resolved module firebase-functions {\"declared\":true,\"installed\":true,\"version\":\"3.15.5\",\"resolution\":\"/Users/mohit/work/practiseCode/react-native/hunger-search/functions/node_modules/firebase-functions/lib/index.js\"}"}}
[debug] [2021-09-16T16:13:31.752Z] [runtime-status] [1942] Outgoing network have been stubbed. [{"name":"http","status":"mocked"},{"name":"http","status":"mocked"},{"name":"https","status":"mocked"},{"name":"https","status":"mocked"},{"name":"net","status":"mocked"}] {"metadata":{"emulator":{"name":"functions"},"function":{"name":"us-central1-geocode"},"message":"[runtime-status] [1942] Outgoing network have been stubbed. [{\"name\":\"http\",\"status\":\"mocked\"},{\"name\":\"http\",\"status\":\"mocked\"},{\"name\":\"https\",\"status\":\"mocked\"},{\"name\":\"https\",\"status\":\"mocked\"},{\"name\":\"net\",\"status\":\"mocked\"}]"}}
[debug] [2021-09-16T16:13:31.753Z] [runtime-status] [1942] Resolved module firebase-functions {"declared":true,"installed":true,"version":"3.15.5","resolution":"/Users/mohit/work/practiseCode/react-native/hunger-search/functions/node_modules/firebase-functions/lib/index.js"} {"metadata":{"emulator":{"name":"functions"},"function":{"name":"us-central1-geocode"},"message":"[runtime-status] [1942] Resolved module firebase-functions {\"declared\":true,\"installed\":true,\"version\":\"3.15.5\",\"resolution\":\"/Users/mohit/work/practiseCode/react-native/hunger-search/functions/node_modules/firebase-functions/lib/index.js\"}"}}
[debug] [2021-09-16T16:13:32.107Z] [runtime-status] [1942] Checked functions.config() {"config":{}} {"metadata":{"emulator":{"name":"functions"},"function":{"name":"us-central1-geocode"},"message":"[runtime-status] [1942] Checked functions.config() {\"config\":{}}"}}
[debug] [2021-09-16T16:13:32.107Z] [runtime-status] [1942] firebase-functions has been stubbed. {"functionsResolution":{"declared":true,"installed":true,"version":"3.15.5","resolution":"/Users/mohit/work/practiseCode/react-native/hunger-search/functions/node_modules/firebase-functions/lib/index.js"}} {"metadata":{"emulator":{"name":"functions"},"function":{"name":"us-central1-geocode"},"message":"[runtime-status] [1942] firebase-functions has been stubbed. {\"functionsResolution\":{\"declared\":true,\"installed\":true,\"version\":\"3.15.5\",\"resolution\":\"/Users/mohit/work/practiseCode/react-native/hunger-search/functions/node_modules/firebase-functions/lib/index.js\"}}"}}
[debug] [2021-09-16T16:13:32.108Z] [runtime-status] [1942] Resolved module firebase-functions {"declared":true,"installed":true,"version":"3.15.5","resolution":"/Users/mohit/work/practiseCode/react-native/hunger-search/functions/node_modules/firebase-functions/lib/index.js"} {"metadata":{"emulator":{"name":"functions"},"function":{"name":"us-central1-geocode"},"message":"[runtime-status] [1942] Resolved module firebase-functions {\"declared\":true,\"installed\":true,\"version\":\"3.15.5\",\"resolution\":\"/Users/mohit/work/practiseCode/react-native/hunger-search/functions/node_modules/firebase-functions/lib/index.js\"}"}}
[debug] [2021-09-16T16:13:32.108Z] [runtime-status] [1942] Resolved module firebase-admin {"declared":true,"installed":true,"version":"9.11.1","resolution":"/Users/mohit/work/practiseCode/react-native/hunger-search/functions/node_modules/firebase-admin/lib/index.js"} {"metadata":{"emulator":{"name":"functions"},"function":{"name":"us-central1-geocode"},"message":"[runtime-status] [1942] Resolved module firebase-admin {\"declared\":true,\"installed\":true,\"version\":\"9.11.1\",\"resolution\":\"/Users/mohit/work/practiseCode/react-native/hunger-search/functions/node_modules/firebase-admin/lib/index.js\"}"}}
[debug] [2021-09-16T16:13:32.109Z] [runtime-status] [1942] Resolved module firebase-functions {"declared":true,"installed":true,"version":"3.15.5","resolution":"/Users/mohit/work/practiseCode/react-native/hunger-search/functions/node_modules/firebase-functions/lib/index.js"} {"metadata":{"emulator":{"name":"functions"},"function":{"name":"us-central1-geocode"},"message":"[runtime-status] [1942] Resolved module firebase-functions {\"declared\":true,\"installed\":true,\"version\":\"3.15.5\",\"resolution\":\"/Users/mohit/work/practiseCode/react-native/hunger-search/functions/node_modules/firebase-functions/lib/index.js\"}"}}
[debug] [2021-09-16T16:13:32.109Z] [runtime-status] [1942] firebase-admin has been stubbed. {"adminResolution":{"declared":true,"installed":true,"version":"9.11.1","resolution":"/Users/mohit/work/practiseCode/react-native/hunger-search/functions/node_modules/firebase-admin/lib/index.js"}} {"metadata":{"emulator":{"name":"functions"},"function":{"name":"us-central1-geocode"},"message":"[runtime-status] [1942] firebase-admin has been stubbed. {\"adminResolution\":{\"declared\":true,\"installed\":true,\"version\":\"9.11.1\",\"resolution\":\"/Users/mohit/work/practiseCode/react-native/hunger-search/functions/node_modules/firebase-admin/lib/index.js\"}}"}}
[debug] [2021-09-16T16:13:32.178Z] [runtime-status] [1942] Trigger "us-central1-geocode" has been found, beginning invocation! {"metadata":{"emulator":{"name":"functions"},"function":{"name":"us-central1-geocode"},"message":"[runtime-status] [1942] Trigger \"us-central1-geocode\" has been found, beginning invocation!"}}
[info] i  functions: Beginning execution of "us-central1-geocode" {"metadata":{"emulator":{"name":"functions"},"function":{"name":"us-central1-geocode"},"message":"Beginning execution of \"us-central1-geocode\""}}
[debug] [2021-09-16T16:13:32.180Z] [runtime-status] [1942] triggerDefinition {"httpsTrigger":{},"name":"geocode","entryPoint":"geocode","regions":["us-central1"],"region":"us-central1","id":"us-central1-geocode"} {"metadata":{"emulator":{"name":"functions"},"function":{"name":"us-central1-geocode"},"message":"[runtime-status] [1942] triggerDefinition {\"httpsTrigger\":{},\"name\":\"geocode\",\"entryPoint\":\"geocode\",\"regions\":[\"us-central1\"],\"region\":\"us-central1\",\"id\":\"us-central1-geocode\"}"}}
[debug] [2021-09-16T16:13:32.180Z] [runtime-status] [1942] Running us-central1-geocode in mode HTTPS {"metadata":{"emulator":{"name":"functions"},"function":{"name":"us-central1-geocode"},"message":"[runtime-status] [1942] Running us-central1-geocode in mode HTTPS"}}
[debug] [2021-09-16T16:13:32.182Z] [runtime-status] [1942] Attempting to listen to socketPath: /var/folders/ds/w0rt2pdx54gd_8h64v3938zh0000gn/T/fire_emu_1942.sock {"metadata":{"emulator":{"name":"functions"},"function":{"name":"us-central1-geocode"},"message":"[runtime-status] [1942] Attempting to listen to socketPath: /var/folders/ds/w0rt2pdx54gd_8h64v3938zh0000gn/T/fire_emu_1942.sock"}}
[debug] [2021-09-16T16:13:32.185Z] [functions] Runtime ready! Sending request! {"metadata":{"emulator":{"name":"functions"},"message":"[functions] Runtime ready! Sending request!"}}
[debug] [2021-09-16T16:13:32.186Z] [functions] Got req.url=/native-firebase-638cf/us-central1/geocode?city=san%20francisco, mapping to path=/?city=san%20francisco {"metadata":{"emulator":{"name":"functions"},"message":"[functions] Got req.url=/native-firebase-638cf/us-central1/geocode?city=san%20francisco, mapping to path=/?city=san%20francisco"}}
[debug] [2021-09-16T16:13:32.191Z] [runtime-status] [1942] Ephemeral server handling GET request {"metadata":{"emulator":{"name":"functions"},"function":{"name":"us-central1-geocode"},"message":"[runtime-status] [1942] Ephemeral server handling GET request"}}
[debug] [2021-09-16T16:13:32.196Z] [runtime-status] [1942] Ephemeral server survived. {"metadata":{"emulator":{"name":"functions"},"function":{"name":"us-central1-geocode"},"message":"[runtime-status] [1942] Ephemeral server survived."}}
[info] i  functions: Finished "us-central1-geocode" in ~1s {"metadata":{"emulator":{"name":"functions"},"function":{"name":"us-central1-geocode"},"message":"Finished \"us-central1-geocode\" in ~1s"}}
[debug] [2021-09-16T16:13:32.199Z] [worker-us-central1-geocode-ce2940e8-6117-4614-8986-9b989116941c]: IDLE {"metadata":{"emulator":{"name":"functions"},"message":"[worker-us-central1-geocode-ce2940e8-6117-4614-8986-9b989116941c]: IDLE"}}
[debug] [2021-09-16T16:13:32.200Z] [work-queue] {"queueLength":0,"workRunningCount":0}
[debug] [2021-09-16T16:13:32.248Z] [work-queue] {"queueLength":1,"workRunningCount":0}
[debug] [2021-09-16T16:13:32.248Z] [work-queue] {"queueLength":0,"workRunningCount":1}
[debug] [2021-09-16T16:13:32.248Z] Accepted request GET /native-firebase-638cf/us-central1/placeNearby?location=37.7749295,-122.4194155 --> us-central1-placeNearby
[debug] [2021-09-16T16:13:32.255Z] [worker-pool] addWorker(us-central1-placeNearby) {"metadata":{"emulator":{"name":"functions"},"message":"[worker-pool] addWorker(us-central1-placeNearby)"}}
[debug] [2021-09-16T16:13:32.255Z] [worker-pool] Adding worker with key us-central1-placeNearby, total=1 {"metadata":{"emulator":{"name":"functions"},"message":"[worker-pool] Adding worker with key us-central1-placeNearby, total=1"}}
[debug] [2021-09-16T16:13:32.255Z] [worker-pool] submitWork(triggerId=us-central1-placeNearby) {"metadata":{"emulator":{"name":"functions"},"message":"[worker-pool] submitWork(triggerId=us-central1-placeNearby)"}}
[debug] [2021-09-16T16:13:32.256Z] [worker-us-central1-placeNearby-6fc9133c-a636-4ebe-a3f1-33b89988d219]: Assigning socketPath: /var/folders/ds/w0rt2pdx54gd_8h64v3938zh0000gn/T/fire_emu_1944.sock {"metadata":{"emulator":{"name":"functions"},"message":"[worker-us-central1-placeNearby-6fc9133c-a636-4ebe-a3f1-33b89988d219]: Assigning socketPath: /var/folders/ds/w0rt2pdx54gd_8h64v3938zh0000gn/T/fire_emu_1944.sock"}}
[debug] [2021-09-16T16:13:32.256Z] [worker-us-central1-placeNearby-6fc9133c-a636-4ebe-a3f1-33b89988d219]: BUSY {"metadata":{"emulator":{"name":"functions"},"message":"[worker-us-central1-placeNearby-6fc9133c-a636-4ebe-a3f1-33b89988d219]: BUSY"}}
[debug] [2021-09-16T16:13:32.522Z] [runtime-status] [1944] Functions runtime initialized. {"cwd":"/Users/mohit/work/practiseCode/react-native/hunger-search/functions","node_version":"14.17.3"} {"metadata":{"emulator":{"name":"functions"},"function":{"name":"us-central1-placeNearby"},"message":"[runtime-status] [1944] Functions runtime initialized. {\"cwd\":\"/Users/mohit/work/practiseCode/react-native/hunger-search/functions\",\"node_version\":\"14.17.3\"}"}}
[debug] [2021-09-16T16:13:32.523Z] [runtime-status] [1944] Disabled runtime features: undefined {"metadata":{"emulator":{"name":"functions"},"function":{"name":"us-central1-placeNearby"},"message":"[runtime-status] [1944] Disabled runtime features: undefined"}}
[debug] [2021-09-16T16:13:32.525Z] [runtime-status] [1944] Resolved module firebase-admin {"declared":true,"installed":true,"version":"9.11.1","resolution":"/Users/mohit/work/practiseCode/react-native/hunger-search/functions/node_modules/firebase-admin/lib/index.js"} {"metadata":{"emulator":{"name":"functions"},"function":{"name":"us-central1-placeNearby"},"message":"[runtime-status] [1944] Resolved module firebase-admin {\"declared\":true,\"installed\":true,\"version\":\"9.11.1\",\"resolution\":\"/Users/mohit/work/practiseCode/react-native/hunger-search/functions/node_modules/firebase-admin/lib/index.js\"}"}}
[debug] [2021-09-16T16:13:32.527Z] [runtime-status] [1944] Resolved module firebase-functions {"declared":true,"installed":true,"version":"3.15.5","resolution":"/Users/mohit/work/practiseCode/react-native/hunger-search/functions/node_modules/firebase-functions/lib/index.js"} {"metadata":{"emulator":{"name":"functions"},"function":{"name":"us-central1-placeNearby"},"message":"[runtime-status] [1944] Resolved module firebase-functions {\"declared\":true,\"installed\":true,\"version\":\"3.15.5\",\"resolution\":\"/Users/mohit/work/practiseCode/react-native/hunger-search/functions/node_modules/firebase-functions/lib/index.js\"}"}}
[debug] [2021-09-16T16:13:32.530Z] [runtime-status] [1944] Resolved module firebase-functions {"declared":true,"installed":true,"version":"3.15.5","resolution":"/Users/mohit/work/practiseCode/react-native/hunger-search/functions/node_modules/firebase-functions/lib/index.js"} {"metadata":{"emulator":{"name":"functions"},"function":{"name":"us-central1-placeNearby"},"message":"[runtime-status] [1944] Resolved module firebase-functions {\"declared\":true,\"installed\":true,\"version\":\"3.15.5\",\"resolution\":\"/Users/mohit/work/practiseCode/react-native/hunger-search/functions/node_modules/firebase-functions/lib/index.js\"}"}}
[debug] [2021-09-16T16:13:32.533Z] [runtime-status] [1944] Outgoing network have been stubbed. [{"name":"http","status":"mocked"},{"name":"http","status":"mocked"},{"name":"https","status":"mocked"},{"name":"https","status":"mocked"},{"name":"net","status":"mocked"}] {"metadata":{"emulator":{"name":"functions"},"function":{"name":"us-central1-placeNearby"},"message":"[runtime-status] [1944] Outgoing network have been stubbed. [{\"name\":\"http\",\"status\":\"mocked\"},{\"name\":\"http\",\"status\":\"mocked\"},{\"name\":\"https\",\"status\":\"mocked\"},{\"name\":\"https\",\"status\":\"mocked\"},{\"name\":\"net\",\"status\":\"mocked\"}]"}}
[debug] [2021-09-16T16:13:32.534Z] [runtime-status] [1944] Resolved module firebase-functions {"declared":true,"installed":true,"version":"3.15.5","resolution":"/Users/mohit/work/practiseCode/react-native/hunger-search/functions/node_modules/firebase-functions/lib/index.js"} {"metadata":{"emulator":{"name":"functions"},"function":{"name":"us-central1-placeNearby"},"message":"[runtime-status] [1944] Resolved module firebase-functions {\"declared\":true,\"installed\":true,\"version\":\"3.15.5\",\"resolution\":\"/Users/mohit/work/practiseCode/react-native/hunger-search/functions/node_modules/firebase-functions/lib/index.js\"}"}}
[debug] [2021-09-16T16:13:32.569Z] [runtime-status] [1944] Checked functions.config() {"config":{}} {"metadata":{"emulator":{"name":"functions"},"function":{"name":"us-central1-placeNearby"},"message":"[runtime-status] [1944] Checked functions.config() {\"config\":{}}"}}
[debug] [2021-09-16T16:13:32.570Z] [runtime-status] [1944] firebase-functions has been stubbed. {"functionsResolution":{"declared":true,"installed":true,"version":"3.15.5","resolution":"/Users/mohit/work/practiseCode/react-native/hunger-search/functions/node_modules/firebase-functions/lib/index.js"}} {"metadata":{"emulator":{"name":"functions"},"function":{"name":"us-central1-placeNearby"},"message":"[runtime-status] [1944] firebase-functions has been stubbed. {\"functionsResolution\":{\"declared\":true,\"installed\":true,\"version\":\"3.15.5\",\"resolution\":\"/Users/mohit/work/practiseCode/react-native/hunger-search/functions/node_modules/firebase-functions/lib/index.js\"}}"}}
[debug] [2021-09-16T16:13:32.570Z] [runtime-status] [1944] Resolved module firebase-functions {"declared":true,"installed":true,"version":"3.15.5","resolution":"/Users/mohit/work/practiseCode/react-native/hunger-search/functions/node_modules/firebase-functions/lib/index.js"} {"metadata":{"emulator":{"name":"functions"},"function":{"name":"us-central1-placeNearby"},"message":"[runtime-status] [1944] Resolved module firebase-functions {\"declared\":true,\"installed\":true,\"version\":\"3.15.5\",\"resolution\":\"/Users/mohit/work/practiseCode/react-native/hunger-search/functions/node_modules/firebase-functions/lib/index.js\"}"}}
[debug] [2021-09-16T16:13:32.571Z] [runtime-status] [1944] Resolved module firebase-admin {"declared":true,"installed":true,"version":"9.11.1","resolution":"/Users/mohit/work/practiseCode/react-native/hunger-search/functions/node_modules/firebase-admin/lib/index.js"} {"metadata":{"emulator":{"name":"functions"},"function":{"name":"us-central1-placeNearby"},"message":"[runtime-status] [1944] Resolved module firebase-admin {\"declared\":true,\"installed\":true,\"version\":\"9.11.1\",\"resolution\":\"/Users/mohit/work/practiseCode/react-native/hunger-search/functions/node_modules/firebase-admin/lib/index.js\"}"}}
[debug] [2021-09-16T16:13:32.572Z] [runtime-status] [1944] Resolved module firebase-functions {"declared":true,"installed":true,"version":"3.15.5","resolution":"/Users/mohit/work/practiseCode/react-native/hunger-search/functions/node_modules/firebase-functions/lib/index.js"} {"metadata":{"emulator":{"name":"functions"},"function":{"name":"us-central1-placeNearby"},"message":"[runtime-status] [1944] Resolved module firebase-functions {\"declared\":true,\"installed\":true,\"version\":\"3.15.5\",\"resolution\":\"/Users/mohit/work/practiseCode/react-native/hunger-search/functions/node_modules/firebase-functions/lib/index.js\"}"}}
[debug] [2021-09-16T16:13:32.572Z] [runtime-status] [1944] firebase-admin has been stubbed. {"adminResolution":{"declared":true,"installed":true,"version":"9.11.1","resolution":"/Users/mohit/work/practiseCode/react-native/hunger-search/functions/node_modules/firebase-admin/lib/index.js"}} {"metadata":{"emulator":{"name":"functions"},"function":{"name":"us-central1-placeNearby"},"message":"[runtime-status] [1944] firebase-admin has been stubbed. {\"adminResolution\":{\"declared\":true,\"installed\":true,\"version\":\"9.11.1\",\"resolution\":\"/Users/mohit/work/practiseCode/react-native/hunger-search/functions/node_modules/firebase-admin/lib/index.js\"}}"}}
[debug] [2021-09-16T16:13:32.579Z] [runtime-status] [1944] Trigger "us-central1-placeNearby" has been found, beginning invocation! {"metadata":{"emulator":{"name":"functions"},"function":{"name":"us-central1-placeNearby"},"message":"[runtime-status] [1944] Trigger \"us-central1-placeNearby\" has been found, beginning invocation!"}}
[info] i  functions: Beginning execution of "us-central1-placeNearby" {"metadata":{"emulator":{"name":"functions"},"function":{"name":"us-central1-placeNearby"},"message":"Beginning execution of \"us-central1-placeNearby\""}}
[debug] [2021-09-16T16:13:32.580Z] [runtime-status] [1944] triggerDefinition {"httpsTrigger":{},"name":"placeNearby","entryPoint":"placeNearby","regions":["us-central1"],"region":"us-central1","id":"us-central1-placeNearby"} {"metadata":{"emulator":{"name":"functions"},"function":{"name":"us-central1-placeNearby"},"message":"[runtime-status] [1944] triggerDefinition {\"httpsTrigger\":{},\"name\":\"placeNearby\",\"entryPoint\":\"placeNearby\",\"regions\":[\"us-central1\"],\"region\":\"us-central1\",\"id\":\"us-central1-placeNearby\"}"}}
[debug] [2021-09-16T16:13:32.581Z] [runtime-status] [1944] Running us-central1-placeNearby in mode HTTPS {"metadata":{"emulator":{"name":"functions"},"function":{"name":"us-central1-placeNearby"},"message":"[runtime-status] [1944] Running us-central1-placeNearby in mode HTTPS"}}
[debug] [2021-09-16T16:13:32.587Z] [runtime-status] [1944] Attempting to listen to socketPath: /var/folders/ds/w0rt2pdx54gd_8h64v3938zh0000gn/T/fire_emu_1944.sock {"metadata":{"emulator":{"name":"functions"},"function":{"name":"us-central1-placeNearby"},"message":"[runtime-status] [1944] Attempting to listen to socketPath: /var/folders/ds/w0rt2pdx54gd_8h64v3938zh0000gn/T/fire_emu_1944.sock"}}
[debug] [2021-09-16T16:13:32.589Z] [functions] Runtime ready! Sending request! {"metadata":{"emulator":{"name":"functions"},"message":"[functions] Runtime ready! Sending request!"}}
[debug] [2021-09-16T16:13:32.589Z] [functions] Got req.url=/native-firebase-638cf/us-central1/placeNearby?location=37.7749295,-122.4194155, mapping to path=/?location=37.7749295,-122.4194155 {"metadata":{"emulator":{"name":"functions"},"message":"[functions] Got req.url=/native-firebase-638cf/us-central1/placeNearby?location=37.7749295,-122.4194155, mapping to path=/?location=37.7749295,-122.4194155"}}
[debug] [2021-09-16T16:13:32.594Z] [runtime-status] [1944] Ephemeral server handling GET request {"metadata":{"emulator":{"name":"functions"},"function":{"name":"us-central1-placeNearby"},"message":"[runtime-status] [1944] Ephemeral server handling GET request"}}
[debug] [2021-09-16T16:13:32.600Z] [runtime-status] [1944] Ephemeral server survived. {"metadata":{"emulator":{"name":"functions"},"function":{"name":"us-central1-placeNearby"},"message":"[runtime-status] [1944] Ephemeral server survived."}}
[info] i  functions: Finished "us-central1-placeNearby" in ~1s {"metadata":{"emulator":{"name":"functions"},"function":{"name":"us-central1-placeNearby"},"message":"Finished \"us-central1-placeNearby\" in ~1s"}}
[debug] [2021-09-16T16:13:32.606Z] [worker-us-central1-placeNearby-6fc9133c-a636-4ebe-a3f1-33b89988d219]: IDLE {"metadata":{"emulator":{"name":"functions"},"message":"[worker-us-central1-placeNearby-6fc9133c-a636-4ebe-a3f1-33b89988d219]: IDLE"}}
[debug] [2021-09-16T16:13:32.606Z] [work-queue] {"queueLength":0,"workRunningCount":0}
[debug] [2021-09-16T16:13:35.552Z] [work-queue] {"queueLength":1,"workRunningCount":0}
[debug] [2021-09-16T16:13:35.552Z] [work-queue] {"queueLength":0,"workRunningCount":1}
[debug] [2021-09-16T16:13:35.552Z] Accepted request GET /native-firebase-638cf/us-central1/geocode?city=san%20francisco --> us-central1-geocode
[debug] [2021-09-16T16:13:35.552Z] [worker-pool] submitWork(triggerId=us-central1-geocode) {"metadata":{"emulator":{"name":"functions"},"message":"[worker-pool] submitWork(triggerId=us-central1-geocode)"}}
[debug] [2021-09-16T16:13:35.553Z] [worker-us-central1-geocode-ce2940e8-6117-4614-8986-9b989116941c]: Assigning socketPath: /var/folders/ds/w0rt2pdx54gd_8h64v3938zh0000gn/T/fire_emu_1942.sock {"metadata":{"emulator":{"name":"functions"},"message":"[worker-us-central1-geocode-ce2940e8-6117-4614-8986-9b989116941c]: Assigning socketPath: /var/folders/ds/w0rt2pdx54gd_8h64v3938zh0000gn/T/fire_emu_1942.sock"}}
[debug] [2021-09-16T16:13:35.553Z] [worker-us-central1-geocode-ce2940e8-6117-4614-8986-9b989116941c]: BUSY {"metadata":{"emulator":{"name":"functions"},"message":"[worker-us-central1-geocode-ce2940e8-6117-4614-8986-9b989116941c]: BUSY"}}
[debug] [2021-09-16T16:13:35.553Z] [runtime-status] [1942] Trigger "us-central1-geocode" has been found, beginning invocation! {"metadata":{"emulator":{"name":"functions"},"function":{"name":"us-central1-geocode"},"message":"[runtime-status] [1942] Trigger \"us-central1-geocode\" has been found, beginning invocation!"}}
[info] i  functions: Beginning execution of "us-central1-geocode" {"metadata":{"emulator":{"name":"functions"},"function":{"name":"us-central1-geocode"},"message":"Beginning execution of \"us-central1-geocode\""}}
[debug] [2021-09-16T16:13:35.554Z] [runtime-status] [1942] triggerDefinition {"httpsTrigger":{},"name":"geocode","entryPoint":"geocode","regions":["us-central1"],"region":"us-central1","id":"us-central1-geocode"} {"metadata":{"emulator":{"name":"functions"},"function":{"name":"us-central1-geocode"},"message":"[runtime-status] [1942] triggerDefinition {\"httpsTrigger\":{},\"name\":\"geocode\",\"entryPoint\":\"geocode\",\"regions\":[\"us-central1\"],\"region\":\"us-central1\",\"id\":\"us-central1-geocode\"}"}}
[debug] [2021-09-16T16:13:35.555Z] [runtime-status] [1942] Running us-central1-geocode in mode HTTPS {"metadata":{"emulator":{"name":"functions"},"function":{"name":"us-central1-geocode"},"message":"[runtime-status] [1942] Running us-central1-geocode in mode HTTPS"}}
[debug] [2021-09-16T16:13:35.555Z] [runtime-status] [1942] Attempting to listen to socketPath: /var/folders/ds/w0rt2pdx54gd_8h64v3938zh0000gn/T/fire_emu_1942.sock {"metadata":{"emulator":{"name":"functions"},"function":{"name":"us-central1-geocode"},"message":"[runtime-status] [1942] Attempting to listen to socketPath: /var/folders/ds/w0rt2pdx54gd_8h64v3938zh0000gn/T/fire_emu_1942.sock"}}
[debug] [2021-09-16T16:13:35.559Z] [functions] Runtime ready! Sending request! {"metadata":{"emulator":{"name":"functions"},"message":"[functions] Runtime ready! Sending request!"}}
[debug] [2021-09-16T16:13:35.559Z] [functions] Got req.url=/native-firebase-638cf/us-central1/geocode?city=san%20francisco, mapping to path=/?city=san%20francisco {"metadata":{"emulator":{"name":"functions"},"message":"[functions] Got req.url=/native-firebase-638cf/us-central1/geocode?city=san%20francisco, mapping to path=/?city=san%20francisco"}}
[debug] [2021-09-16T16:13:35.568Z] [runtime-status] [1942] Ephemeral server handling GET request {"metadata":{"emulator":{"name":"functions"},"function":{"name":"us-central1-geocode"},"message":"[runtime-status] [1942] Ephemeral server handling GET request"}}
[debug] [2021-09-16T16:13:35.572Z] [runtime-status] [1942] Ephemeral server survived. {"metadata":{"emulator":{"name":"functions"},"function":{"name":"us-central1-geocode"},"message":"[runtime-status] [1942] Ephemeral server survived."}}
[info] i  functions: Finished "us-central1-geocode" in ~1s {"metadata":{"emulator":{"name":"functions"},"function":{"name":"us-central1-geocode"},"message":"Finished \"us-central1-geocode\" in ~1s"}}
[debug] [2021-09-16T16:13:35.573Z] [worker-us-central1-geocode-ce2940e8-6117-4614-8986-9b989116941c]: IDLE {"metadata":{"emulator":{"name":"functions"},"message":"[worker-us-central1-geocode-ce2940e8-6117-4614-8986-9b989116941c]: IDLE"}}
[debug] [2021-09-16T16:13:35.573Z] [work-queue] {"queueLength":0,"workRunningCount":0}
[debug] [2021-09-16T16:13:35.651Z] [work-queue] {"queueLength":1,"workRunningCount":0}
[debug] [2021-09-16T16:13:35.651Z] [work-queue] {"queueLength":0,"workRunningCount":1}
[debug] [2021-09-16T16:13:35.651Z] Accepted request GET /native-firebase-638cf/us-central1/placeNearby?location=37.7749295,-122.4194155 --> us-central1-placeNearby
[debug] [2021-09-16T16:13:35.652Z] [worker-pool] submitWork(triggerId=us-central1-placeNearby) {"metadata":{"emulator":{"name":"functions"},"message":"[worker-pool] submitWork(triggerId=us-central1-placeNearby)"}}
[debug] [2021-09-16T16:13:35.652Z] [worker-us-central1-placeNearby-6fc9133c-a636-4ebe-a3f1-33b89988d219]: Assigning socketPath: /var/folders/ds/w0rt2pdx54gd_8h64v3938zh0000gn/T/fire_emu_1944.sock {"metadata":{"emulator":{"name":"functions"},"message":"[worker-us-central1-placeNearby-6fc9133c-a636-4ebe-a3f1-33b89988d219]: Assigning socketPath: /var/folders/ds/w0rt2pdx54gd_8h64v3938zh0000gn/T/fire_emu_1944.sock"}}
[debug] [2021-09-16T16:13:35.652Z] [worker-us-central1-placeNearby-6fc9133c-a636-4ebe-a3f1-33b89988d219]: BUSY {"metadata":{"emulator":{"name":"functions"},"message":"[worker-us-central1-placeNearby-6fc9133c-a636-4ebe-a3f1-33b89988d219]: BUSY"}}
[debug] [2021-09-16T16:13:35.653Z] [runtime-status] [1944] Trigger "us-central1-placeNearby" has been found, beginning invocation! {"metadata":{"emulator":{"name":"functions"},"function":{"name":"us-central1-placeNearby"},"message":"[runtime-status] [1944] Trigger \"us-central1-placeNearby\" has been found, beginning invocation!"}}
[info] i  functions: Beginning execution of "us-central1-placeNearby" {"metadata":{"emulator":{"name":"functions"},"function":{"name":"us-central1-placeNearby"},"message":"Beginning execution of \"us-central1-placeNearby\""}}
[debug] [2021-09-16T16:13:35.653Z] [runtime-status] [1944] triggerDefinition {"httpsTrigger":{},"name":"placeNearby","entryPoint":"placeNearby","regions":["us-central1"],"region":"us-central1","id":"us-central1-placeNearby"} {"metadata":{"emulator":{"name":"functions"},"function":{"name":"us-central1-placeNearby"},"message":"[runtime-status] [1944] triggerDefinition {\"httpsTrigger\":{},\"name\":\"placeNearby\",\"entryPoint\":\"placeNearby\",\"regions\":[\"us-central1\"],\"region\":\"us-central1\",\"id\":\"us-central1-placeNearby\"}"}}
[debug] [2021-09-16T16:13:35.653Z] [runtime-status] [1944] Running us-central1-placeNearby in mode HTTPS {"metadata":{"emulator":{"name":"functions"},"function":{"name":"us-central1-placeNearby"},"message":"[runtime-status] [1944] Running us-central1-placeNearby in mode HTTPS"}}
[debug] [2021-09-16T16:13:35.654Z] [runtime-status] [1944] Attempting to listen to socketPath: /var/folders/ds/w0rt2pdx54gd_8h64v3938zh0000gn/T/fire_emu_1944.sock {"metadata":{"emulator":{"name":"functions"},"function":{"name":"us-central1-placeNearby"},"message":"[runtime-status] [1944] Attempting to listen to socketPath: /var/folders/ds/w0rt2pdx54gd_8h64v3938zh0000gn/T/fire_emu_1944.sock"}}
[debug] [2021-09-16T16:13:35.654Z] [functions] Runtime ready! Sending request! {"metadata":{"emulator":{"name":"functions"},"message":"[functions] Runtime ready! Sending request!"}}
[debug] [2021-09-16T16:13:35.654Z] [functions] Got req.url=/native-firebase-638cf/us-central1/placeNearby?location=37.7749295,-122.4194155, mapping to path=/?location=37.7749295,-122.4194155 {"metadata":{"emulator":{"name":"functions"},"message":"[functions] Got req.url=/native-firebase-638cf/us-central1/placeNearby?location=37.7749295,-122.4194155, mapping to path=/?location=37.7749295,-122.4194155"}}
[debug] [2021-09-16T16:13:35.658Z] [runtime-status] [1944] Ephemeral server handling GET request {"metadata":{"emulator":{"name":"functions"},"function":{"name":"us-central1-placeNearby"},"message":"[runtime-status] [1944] Ephemeral server handling GET request"}}
[debug] [2021-09-16T16:13:35.660Z] [runtime-status] [1944] Ephemeral server survived. {"metadata":{"emulator":{"name":"functions"},"function":{"name":"us-central1-placeNearby"},"message":"[runtime-status] [1944] Ephemeral server survived."}}
[info] i  functions: Finished "us-central1-placeNearby" in ~1s {"metadata":{"emulator":{"name":"functions"},"function":{"name":"us-central1-placeNearby"},"message":"Finished \"us-central1-placeNearby\" in ~1s"}}
[debug] [2021-09-16T16:13:35.665Z] [worker-us-central1-placeNearby-6fc9133c-a636-4ebe-a3f1-33b89988d219]: IDLE {"metadata":{"emulator":{"name":"functions"},"message":"[worker-us-central1-placeNearby-6fc9133c-a636-4ebe-a3f1-33b89988d219]: IDLE"}}
[debug] [2021-09-16T16:13:35.666Z] [work-queue] {"queueLength":0,"workRunningCount":0}
[debug] [2021-09-16T16:15:04.878Z] Functions emulator received unknown request at path /native-firebase-638cf/us-central1//geocode
[debug] [2021-09-16T16:15:04.884Z] [work-queue] {"queueLength":1,"workRunningCount":0}
[debug] [2021-09-16T16:15:04.884Z] [work-queue] {"queueLength":0,"workRunningCount":1}
[debug] [2021-09-16T16:15:04.885Z] Accepted request GET /native-firebase-638cf/us-central1/placeNearby?location=37.7749295,-122.4194155 --> us-central1-placeNearby
[debug] [2021-09-16T16:15:04.885Z] [worker-pool] submitWork(triggerId=us-central1-placeNearby) {"metadata":{"emulator":{"name":"functions"},"message":"[worker-pool] submitWork(triggerId=us-central1-placeNearby)"}}
[debug] [2021-09-16T16:15:04.885Z] [worker-us-central1-placeNearby-6fc9133c-a636-4ebe-a3f1-33b89988d219]: Assigning socketPath: /var/folders/ds/w0rt2pdx54gd_8h64v3938zh0000gn/T/fire_emu_1944.sock {"metadata":{"emulator":{"name":"functions"},"message":"[worker-us-central1-placeNearby-6fc9133c-a636-4ebe-a3f1-33b89988d219]: Assigning socketPath: /var/folders/ds/w0rt2pdx54gd_8h64v3938zh0000gn/T/fire_emu_1944.sock"}}
[debug] [2021-09-16T16:15:04.885Z] [worker-us-central1-placeNearby-6fc9133c-a636-4ebe-a3f1-33b89988d219]: BUSY {"metadata":{"emulator":{"name":"functions"},"message":"[worker-us-central1-placeNearby-6fc9133c-a636-4ebe-a3f1-33b89988d219]: BUSY"}}
[debug] [2021-09-16T16:15:04.888Z] [runtime-status] [1944] Trigger "us-central1-placeNearby" has been found, beginning invocation! {"metadata":{"emulator":{"name":"functions"},"function":{"name":"us-central1-placeNearby"},"message":"[runtime-status] [1944] Trigger \"us-central1-placeNearby\" has been found, beginning invocation!"}}
[info] i  functions: Beginning execution of "us-central1-placeNearby" {"metadata":{"emulator":{"name":"functions"},"function":{"name":"us-central1-placeNearby"},"message":"Beginning execution of \"us-central1-placeNearby\""}}
[debug] [2021-09-16T16:15:04.888Z] [runtime-status] [1944] triggerDefinition {"httpsTrigger":{},"name":"placeNearby","entryPoint":"placeNearby","regions":["us-central1"],"region":"us-central1","id":"us-central1-placeNearby"} {"metadata":{"emulator":{"name":"functions"},"function":{"name":"us-central1-placeNearby"},"message":"[runtime-status] [1944] triggerDefinition {\"httpsTrigger\":{},\"name\":\"placeNearby\",\"entryPoint\":\"placeNearby\",\"regions\":[\"us-central1\"],\"region\":\"us-central1\",\"id\":\"us-central1-placeNearby\"}"}}
[debug] [2021-09-16T16:15:04.888Z] [runtime-status] [1944] Running us-central1-placeNearby in mode HTTPS {"metadata":{"emulator":{"name":"functions"},"function":{"name":"us-central1-placeNearby"},"message":"[runtime-status] [1944] Running us-central1-placeNearby in mode HTTPS"}}
[debug] [2021-09-16T16:15:04.888Z] [runtime-status] [1944] Attempting to listen to socketPath: /var/folders/ds/w0rt2pdx54gd_8h64v3938zh0000gn/T/fire_emu_1944.sock {"metadata":{"emulator":{"name":"functions"},"function":{"name":"us-central1-placeNearby"},"message":"[runtime-status] [1944] Attempting to listen to socketPath: /var/folders/ds/w0rt2pdx54gd_8h64v3938zh0000gn/T/fire_emu_1944.sock"}}
[debug] [2021-09-16T16:15:04.890Z] [functions] Runtime ready! Sending request! {"metadata":{"emulator":{"name":"functions"},"message":"[functions] Runtime ready! Sending request!"}}
[debug] [2021-09-16T16:15:04.890Z] [functions] Got req.url=/native-firebase-638cf/us-central1/placeNearby?location=37.7749295,-122.4194155, mapping to path=/?location=37.7749295,-122.4194155 {"metadata":{"emulator":{"name":"functions"},"message":"[functions] Got req.url=/native-firebase-638cf/us-central1/placeNearby?location=37.7749295,-122.4194155, mapping to path=/?location=37.7749295,-122.4194155"}}
[debug] [2021-09-16T16:15:04.898Z] [runtime-status] [1944] Ephemeral server handling GET request {"metadata":{"emulator":{"name":"functions"},"function":{"name":"us-central1-placeNearby"},"message":"[runtime-status] [1944] Ephemeral server handling GET request"}}
[debug] [2021-09-16T16:15:04.898Z] [runtime-status] [1944] Ephemeral server survived. {"metadata":{"emulator":{"name":"functions"},"function":{"name":"us-central1-placeNearby"},"message":"[runtime-status] [1944] Ephemeral server survived."}}
[info] i  functions: Finished "us-central1-placeNearby" in ~1s {"metadata":{"emulator":{"name":"functions"},"function":{"name":"us-central1-placeNearby"},"message":"Finished \"us-central1-placeNearby\" in ~1s"}}
[debug] [2021-09-16T16:15:04.907Z] [worker-us-central1-placeNearby-6fc9133c-a636-4ebe-a3f1-33b89988d219]: IDLE {"metadata":{"emulator":{"name":"functions"},"message":"[worker-us-central1-placeNearby-6fc9133c-a636-4ebe-a3f1-33b89988d219]: IDLE"}}
[debug] [2021-09-16T16:15:04.907Z] [work-queue] {"queueLength":0,"workRunningCount":0}
[debug] [2021-09-16T16:15:13.101Z] [work-queue] {"queueLength":1,"workRunningCount":0}
[debug] [2021-09-16T16:15:13.101Z] [work-queue] {"queueLength":0,"workRunningCount":1}
[debug] [2021-09-16T16:15:13.101Z] Accepted request GET /native-firebase-638cf/us-central1/placeNearby?location=37.7749295,-122.4194155 --> us-central1-placeNearby
[debug] [2021-09-16T16:15:13.101Z] [worker-pool] submitWork(triggerId=us-central1-placeNearby) {"metadata":{"emulator":{"name":"functions"},"message":"[worker-pool] submitWork(triggerId=us-central1-placeNearby)"}}
[debug] [2021-09-16T16:15:13.101Z] [worker-us-central1-placeNearby-6fc9133c-a636-4ebe-a3f1-33b89988d219]: Assigning socketPath: /var/folders/ds/w0rt2pdx54gd_8h64v3938zh0000gn/T/fire_emu_1944.sock {"metadata":{"emulator":{"name":"functions"},"message":"[worker-us-central1-placeNearby-6fc9133c-a636-4ebe-a3f1-33b89988d219]: Assigning socketPath: /var/folders/ds/w0rt2pdx54gd_8h64v3938zh0000gn/T/fire_emu_1944.sock"}}
[debug] [2021-09-16T16:15:13.101Z] [worker-us-central1-placeNearby-6fc9133c-a636-4ebe-a3f1-33b89988d219]: BUSY {"metadata":{"emulator":{"name":"functions"},"message":"[worker-us-central1-placeNearby-6fc9133c-a636-4ebe-a3f1-33b89988d219]: BUSY"}}
[debug] [2021-09-16T16:15:13.103Z] [runtime-status] [1944] Trigger "us-central1-placeNearby" has been found, beginning invocation! {"metadata":{"emulator":{"name":"functions"},"function":{"name":"us-central1-placeNearby"},"message":"[runtime-status] [1944] Trigger \"us-central1-placeNearby\" has been found, beginning invocation!"}}
[info] i  functions: Beginning execution of "us-central1-placeNearby" {"metadata":{"emulator":{"name":"functions"},"function":{"name":"us-central1-placeNearby"},"message":"Beginning execution of \"us-central1-placeNearby\""}}
[debug] [2021-09-16T16:15:13.104Z] [runtime-status] [1944] triggerDefinition {"httpsTrigger":{},"name":"placeNearby","entryPoint":"placeNearby","regions":["us-central1"],"region":"us-central1","id":"us-central1-placeNearby"} {"metadata":{"emulator":{"name":"functions"},"function":{"name":"us-central1-placeNearby"},"message":"[runtime-status] [1944] triggerDefinition {\"httpsTrigger\":{},\"name\":\"placeNearby\",\"entryPoint\":\"placeNearby\",\"regions\":[\"us-central1\"],\"region\":\"us-central1\",\"id\":\"us-central1-placeNearby\"}"}}
[debug] [2021-09-16T16:15:13.104Z] [runtime-status] [1944] Running us-central1-placeNearby in mode HTTPS {"metadata":{"emulator":{"name":"functions"},"function":{"name":"us-central1-placeNearby"},"message":"[runtime-status] [1944] Running us-central1-placeNearby in mode HTTPS"}}
[debug] [2021-09-16T16:15:13.104Z] [runtime-status] [1944] Attempting to listen to socketPath: /var/folders/ds/w0rt2pdx54gd_8h64v3938zh0000gn/T/fire_emu_1944.sock {"metadata":{"emulator":{"name":"functions"},"function":{"name":"us-central1-placeNearby"},"message":"[runtime-status] [1944] Attempting to listen to socketPath: /var/folders/ds/w0rt2pdx54gd_8h64v3938zh0000gn/T/fire_emu_1944.sock"}}
[debug] [2021-09-16T16:15:13.105Z] [functions] Runtime ready! Sending request! {"metadata":{"emulator":{"name":"functions"},"message":"[functions] Runtime ready! Sending request!"}}
[debug] [2021-09-16T16:15:13.105Z] [functions] Got req.url=/native-firebase-638cf/us-central1/placeNearby?location=37.7749295,-122.4194155, mapping to path=/?location=37.7749295,-122.4194155 {"metadata":{"emulator":{"name":"functions"},"message":"[functions] Got req.url=/native-firebase-638cf/us-central1/placeNearby?location=37.7749295,-122.4194155, mapping to path=/?location=37.7749295,-122.4194155"}}
[debug] [2021-09-16T16:15:13.105Z] [work-queue] {"queueLength":1,"workRunningCount":1}
[debug] [2021-09-16T16:15:13.106Z] [work-queue] {"queueLength":0,"workRunningCount":2}
[debug] [2021-09-16T16:15:13.106Z] Accepted request GET /native-firebase-638cf/us-central1/geocode?city=san%20francisco --> us-central1-geocode
[debug] [2021-09-16T16:15:13.106Z] [worker-pool] submitWork(triggerId=us-central1-geocode) {"metadata":{"emulator":{"name":"functions"},"message":"[worker-pool] submitWork(triggerId=us-central1-geocode)"}}
[debug] [2021-09-16T16:15:13.106Z] [worker-us-central1-geocode-ce2940e8-6117-4614-8986-9b989116941c]: Assigning socketPath: /var/folders/ds/w0rt2pdx54gd_8h64v3938zh0000gn/T/fire_emu_1942.sock {"metadata":{"emulator":{"name":"functions"},"message":"[worker-us-central1-geocode-ce2940e8-6117-4614-8986-9b989116941c]: Assigning socketPath: /var/folders/ds/w0rt2pdx54gd_8h64v3938zh0000gn/T/fire_emu_1942.sock"}}
[debug] [2021-09-16T16:15:13.106Z] [worker-us-central1-geocode-ce2940e8-6117-4614-8986-9b989116941c]: BUSY {"metadata":{"emulator":{"name":"functions"},"message":"[worker-us-central1-geocode-ce2940e8-6117-4614-8986-9b989116941c]: BUSY"}}
[debug] [2021-09-16T16:15:13.110Z] [runtime-status] [1942] Trigger "us-central1-geocode" has been found, beginning invocation! {"metadata":{"emulator":{"name":"functions"},"function":{"name":"us-central1-geocode"},"message":"[runtime-status] [1942] Trigger \"us-central1-geocode\" has been found, beginning invocation!"}}
[info] i  functions: Beginning execution of "us-central1-geocode" {"metadata":{"emulator":{"name":"functions"},"function":{"name":"us-central1-geocode"},"message":"Beginning execution of \"us-central1-geocode\""}}
[debug] [2021-09-16T16:15:13.110Z] [runtime-status] [1942] triggerDefinition {"httpsTrigger":{},"name":"geocode","entryPoint":"geocode","regions":["us-central1"],"region":"us-central1","id":"us-central1-geocode"} {"metadata":{"emulator":{"name":"functions"},"function":{"name":"us-central1-geocode"},"message":"[runtime-status] [1942] triggerDefinition {\"httpsTrigger\":{},\"name\":\"geocode\",\"entryPoint\":\"geocode\",\"regions\":[\"us-central1\"],\"region\":\"us-central1\",\"id\":\"us-central1-geocode\"}"}}
[debug] [2021-09-16T16:15:13.110Z] [runtime-status] [1942] Running us-central1-geocode in mode HTTPS {"metadata":{"emulator":{"name":"functions"},"function":{"name":"us-central1-geocode"},"message":"[runtime-status] [1942] Running us-central1-geocode in mode HTTPS"}}
[debug] [2021-09-16T16:15:13.110Z] [runtime-status] [1942] Attempting to listen to socketPath: /var/folders/ds/w0rt2pdx54gd_8h64v3938zh0000gn/T/fire_emu_1942.sock {"metadata":{"emulator":{"name":"functions"},"function":{"name":"us-central1-geocode"},"message":"[runtime-status] [1942] Attempting to listen to socketPath: /var/folders/ds/w0rt2pdx54gd_8h64v3938zh0000gn/T/fire_emu_1942.sock"}}
[debug] [2021-09-16T16:15:13.111Z] [functions] Runtime ready! Sending request! {"metadata":{"emulator":{"name":"functions"},"message":"[functions] Runtime ready! Sending request!"}}
[debug] [2021-09-16T16:15:13.111Z] [functions] Got req.url=/native-firebase-638cf/us-central1/geocode?city=san%20francisco, mapping to path=/?city=san%20francisco {"metadata":{"emulator":{"name":"functions"},"message":"[functions] Got req.url=/native-firebase-638cf/us-central1/geocode?city=san%20francisco, mapping to path=/?city=san%20francisco"}}
[debug] [2021-09-16T16:15:13.112Z] [runtime-status] [1944] Ephemeral server handling GET request {"metadata":{"emulator":{"name":"functions"},"function":{"name":"us-central1-placeNearby"},"message":"[runtime-status] [1944] Ephemeral server handling GET request"}}
[debug] [2021-09-16T16:15:13.112Z] [runtime-status] [1944] Ephemeral server survived. {"metadata":{"emulator":{"name":"functions"},"function":{"name":"us-central1-placeNearby"},"message":"[runtime-status] [1944] Ephemeral server survived."}}
[debug] [2021-09-16T16:15:13.114Z] [runtime-status] [1942] Ephemeral server handling GET request {"metadata":{"emulator":{"name":"functions"},"function":{"name":"us-central1-geocode"},"message":"[runtime-status] [1942] Ephemeral server handling GET request"}}
[debug] [2021-09-16T16:15:13.117Z] [runtime-status] [1942] Ephemeral server survived. {"metadata":{"emulator":{"name":"functions"},"function":{"name":"us-central1-geocode"},"message":"[runtime-status] [1942] Ephemeral server survived."}}
[info] i  functions: Finished "us-central1-geocode" in ~1s {"metadata":{"emulator":{"name":"functions"},"function":{"name":"us-central1-geocode"},"message":"Finished \"us-central1-geocode\" in ~1s"}}
[debug] [2021-09-16T16:15:13.118Z] [worker-us-central1-geocode-ce2940e8-6117-4614-8986-9b989116941c]: IDLE {"metadata":{"emulator":{"name":"functions"},"message":"[worker-us-central1-geocode-ce2940e8-6117-4614-8986-9b989116941c]: IDLE"}}
[debug] [2021-09-16T16:15:13.118Z] [work-queue] {"queueLength":0,"workRunningCount":1}
[info] i  functions: Finished "us-central1-placeNearby" in ~1s {"metadata":{"emulator":{"name":"functions"},"function":{"name":"us-central1-placeNearby"},"message":"Finished \"us-central1-placeNearby\" in ~1s"}}
[debug] [2021-09-16T16:15:13.118Z] [worker-us-central1-placeNearby-6fc9133c-a636-4ebe-a3f1-33b89988d219]: IDLE {"metadata":{"emulator":{"name":"functions"},"message":"[worker-us-central1-placeNearby-6fc9133c-a636-4ebe-a3f1-33b89988d219]: IDLE"}}
[debug] [2021-09-16T16:15:13.119Z] [work-queue] {"queueLength":0,"workRunningCount":0}
[debug] [2021-09-16T16:15:13.444Z] [work-queue] {"queueLength":1,"workRunningCount":0}
[debug] [2021-09-16T16:15:13.444Z] [work-queue] {"queueLength":0,"workRunningCount":1}
[debug] [2021-09-16T16:15:13.444Z] Accepted request GET /native-firebase-638cf/us-central1/placeNearby?location=37.7749295,-122.4194155 --> us-central1-placeNearby
[debug] [2021-09-16T16:15:13.444Z] [worker-pool] submitWork(triggerId=us-central1-placeNearby) {"metadata":{"emulator":{"name":"functions"},"message":"[worker-pool] submitWork(triggerId=us-central1-placeNearby)"}}
[debug] [2021-09-16T16:15:13.444Z] [worker-us-central1-placeNearby-6fc9133c-a636-4ebe-a3f1-33b89988d219]: Assigning socketPath: /var/folders/ds/w0rt2pdx54gd_8h64v3938zh0000gn/T/fire_emu_1944.sock {"metadata":{"emulator":{"name":"functions"},"message":"[worker-us-central1-placeNearby-6fc9133c-a636-4ebe-a3f1-33b89988d219]: Assigning socketPath: /var/folders/ds/w0rt2pdx54gd_8h64v3938zh0000gn/T/fire_emu_1944.sock"}}
[debug] [2021-09-16T16:15:13.444Z] [worker-us-central1-placeNearby-6fc9133c-a636-4ebe-a3f1-33b89988d219]: BUSY {"metadata":{"emulator":{"name":"functions"},"message":"[worker-us-central1-placeNearby-6fc9133c-a636-4ebe-a3f1-33b89988d219]: BUSY"}}
[debug] [2021-09-16T16:15:13.449Z] [runtime-status] [1944] Trigger "us-central1-placeNearby" has been found, beginning invocation! {"metadata":{"emulator":{"name":"functions"},"function":{"name":"us-central1-placeNearby"},"message":"[runtime-status] [1944] Trigger \"us-central1-placeNearby\" has been found, beginning invocation!"}}
[info] i  functions: Beginning execution of "us-central1-placeNearby" {"metadata":{"emulator":{"name":"functions"},"function":{"name":"us-central1-placeNearby"},"message":"Beginning execution of \"us-central1-placeNearby\""}}
[debug] [2021-09-16T16:15:13.450Z] [runtime-status] [1944] triggerDefinition {"httpsTrigger":{},"name":"placeNearby","entryPoint":"placeNearby","regions":["us-central1"],"region":"us-central1","id":"us-central1-placeNearby"} {"metadata":{"emulator":{"name":"functions"},"function":{"name":"us-central1-placeNearby"},"message":"[runtime-status] [1944] triggerDefinition {\"httpsTrigger\":{},\"name\":\"placeNearby\",\"entryPoint\":\"placeNearby\",\"regions\":[\"us-central1\"],\"region\":\"us-central1\",\"id\":\"us-central1-placeNearby\"}"}}
[debug] [2021-09-16T16:15:13.450Z] [runtime-status] [1944] Running us-central1-placeNearby in mode HTTPS {"metadata":{"emulator":{"name":"functions"},"function":{"name":"us-central1-placeNearby"},"message":"[runtime-status] [1944] Running us-central1-placeNearby in mode HTTPS"}}
[debug] [2021-09-16T16:15:13.450Z] [runtime-status] [1944] Attempting to listen to socketPath: /var/folders/ds/w0rt2pdx54gd_8h64v3938zh0000gn/T/fire_emu_1944.sock {"metadata":{"emulator":{"name":"functions"},"function":{"name":"us-central1-placeNearby"},"message":"[runtime-status] [1944] Attempting to listen to socketPath: /var/folders/ds/w0rt2pdx54gd_8h64v3938zh0000gn/T/fire_emu_1944.sock"}}
[debug] [2021-09-16T16:15:13.451Z] [functions] Runtime ready! Sending request! {"metadata":{"emulator":{"name":"functions"},"message":"[functions] Runtime ready! Sending request!"}}
[debug] [2021-09-16T16:15:13.451Z] [functions] Got req.url=/native-firebase-638cf/us-central1/placeNearby?location=37.7749295,-122.4194155, mapping to path=/?location=37.7749295,-122.4194155 {"metadata":{"emulator":{"name":"functions"},"message":"[functions] Got req.url=/native-firebase-638cf/us-central1/placeNearby?location=37.7749295,-122.4194155, mapping to path=/?location=37.7749295,-122.4194155"}}
[debug] [2021-09-16T16:15:13.459Z] [runtime-status] [1944] Ephemeral server handling GET request {"metadata":{"emulator":{"name":"functions"},"function":{"name":"us-central1-placeNearby"},"message":"[runtime-status] [1944] Ephemeral server handling GET request"}}
[debug] [2021-09-16T16:15:13.460Z] [runtime-status] [1944] Ephemeral server survived. {"metadata":{"emulator":{"name":"functions"},"function":{"name":"us-central1-placeNearby"},"message":"[runtime-status] [1944] Ephemeral server survived."}}
[info] i  functions: Finished "us-central1-placeNearby" in ~1s {"metadata":{"emulator":{"name":"functions"},"function":{"name":"us-central1-placeNearby"},"message":"Finished \"us-central1-placeNearby\" in ~1s"}}
[debug] [2021-09-16T16:15:13.465Z] [worker-us-central1-placeNearby-6fc9133c-a636-4ebe-a3f1-33b89988d219]: IDLE {"metadata":{"emulator":{"name":"functions"},"message":"[worker-us-central1-placeNearby-6fc9133c-a636-4ebe-a3f1-33b89988d219]: IDLE"}}
[debug] [2021-09-16T16:15:13.465Z] [work-queue] {"queueLength":0,"workRunningCount":0}
[debug] [2021-09-16T16:15:22.295Z] [work-queue] {"queueLength":1,"workRunningCount":0}
[debug] [2021-09-16T16:15:22.296Z] [work-queue] {"queueLength":0,"workRunningCount":1}
[debug] [2021-09-16T16:15:22.296Z] Accepted request GET /native-firebase-638cf/us-central1/geocode?city=chicago --> us-central1-geocode
[debug] [2021-09-16T16:15:22.296Z] [worker-pool] submitWork(triggerId=us-central1-geocode) {"metadata":{"emulator":{"name":"functions"},"message":"[worker-pool] submitWork(triggerId=us-central1-geocode)"}}
[debug] [2021-09-16T16:15:22.296Z] [worker-us-central1-geocode-ce2940e8-6117-4614-8986-9b989116941c]: Assigning socketPath: /var/folders/ds/w0rt2pdx54gd_8h64v3938zh0000gn/T/fire_emu_1942.sock {"metadata":{"emulator":{"name":"functions"},"message":"[worker-us-central1-geocode-ce2940e8-6117-4614-8986-9b989116941c]: Assigning socketPath: /var/folders/ds/w0rt2pdx54gd_8h64v3938zh0000gn/T/fire_emu_1942.sock"}}
[debug] [2021-09-16T16:15:22.296Z] [worker-us-central1-geocode-ce2940e8-6117-4614-8986-9b989116941c]: BUSY {"metadata":{"emulator":{"name":"functions"},"message":"[worker-us-central1-geocode-ce2940e8-6117-4614-8986-9b989116941c]: BUSY"}}
[debug] [2021-09-16T16:15:22.296Z] [runtime-status] [1942] Trigger "us-central1-geocode" has been found, beginning invocation! {"metadata":{"emulator":{"name":"functions"},"function":{"name":"us-central1-geocode"},"message":"[runtime-status] [1942] Trigger \"us-central1-geocode\" has been found, beginning invocation!"}}
[info] i  functions: Beginning execution of "us-central1-geocode" {"metadata":{"emulator":{"name":"functions"},"function":{"name":"us-central1-geocode"},"message":"Beginning execution of \"us-central1-geocode\""}}
[debug] [2021-09-16T16:15:22.297Z] [runtime-status] [1942] triggerDefinition {"httpsTrigger":{},"name":"geocode","entryPoint":"geocode","regions":["us-central1"],"region":"us-central1","id":"us-central1-geocode"} {"metadata":{"emulator":{"name":"functions"},"function":{"name":"us-central1-geocode"},"message":"[runtime-status] [1942] triggerDefinition {\"httpsTrigger\":{},\"name\":\"geocode\",\"entryPoint\":\"geocode\",\"regions\":[\"us-central1\"],\"region\":\"us-central1\",\"id\":\"us-central1-geocode\"}"}}
[debug] [2021-09-16T16:15:22.297Z] [runtime-status] [1942] Running us-central1-geocode in mode HTTPS {"metadata":{"emulator":{"name":"functions"},"function":{"name":"us-central1-geocode"},"message":"[runtime-status] [1942] Running us-central1-geocode in mode HTTPS"}}
[debug] [2021-09-16T16:15:22.297Z] [runtime-status] [1942] Attempting to listen to socketPath: /var/folders/ds/w0rt2pdx54gd_8h64v3938zh0000gn/T/fire_emu_1942.sock {"metadata":{"emulator":{"name":"functions"},"function":{"name":"us-central1-geocode"},"message":"[runtime-status] [1942] Attempting to listen to socketPath: /var/folders/ds/w0rt2pdx54gd_8h64v3938zh0000gn/T/fire_emu_1942.sock"}}
[debug] [2021-09-16T16:15:22.298Z] [functions] Runtime ready! Sending request! {"metadata":{"emulator":{"name":"functions"},"message":"[functions] Runtime ready! Sending request!"}}
[debug] [2021-09-16T16:15:22.298Z] [functions] Got req.url=/native-firebase-638cf/us-central1/geocode?city=chicago, mapping to path=/?city=chicago {"metadata":{"emulator":{"name":"functions"},"message":"[functions] Got req.url=/native-firebase-638cf/us-central1/geocode?city=chicago, mapping to path=/?city=chicago"}}
[debug] [2021-09-16T16:15:22.299Z] [runtime-status] [1942] Ephemeral server handling GET request {"metadata":{"emulator":{"name":"functions"},"function":{"name":"us-central1-geocode"},"message":"[runtime-status] [1942] Ephemeral server handling GET request"}}
[debug] [2021-09-16T16:15:22.300Z] [runtime-status] [1942] Ephemeral server survived. {"metadata":{"emulator":{"name":"functions"},"function":{"name":"us-central1-geocode"},"message":"[runtime-status] [1942] Ephemeral server survived."}}
[info] i  functions: Finished "us-central1-geocode" in ~1s {"metadata":{"emulator":{"name":"functions"},"function":{"name":"us-central1-geocode"},"message":"Finished \"us-central1-geocode\" in ~1s"}}
[debug] [2021-09-16T16:15:22.301Z] [worker-us-central1-geocode-ce2940e8-6117-4614-8986-9b989116941c]: IDLE {"metadata":{"emulator":{"name":"functions"},"message":"[worker-us-central1-geocode-ce2940e8-6117-4614-8986-9b989116941c]: IDLE"}}
[debug] [2021-09-16T16:15:22.301Z] [work-queue] {"queueLength":0,"workRunningCount":0}
[debug] [2021-09-16T16:15:22.478Z] [work-queue] {"queueLength":1,"workRunningCount":0}
[debug] [2021-09-16T16:15:22.478Z] [work-queue] {"queueLength":0,"workRunningCount":1}
[debug] [2021-09-16T16:15:22.478Z] Accepted request GET /native-firebase-638cf/us-central1/placeNearby?location=41.878113,-87.629799 --> us-central1-placeNearby
[debug] [2021-09-16T16:15:22.479Z] [worker-pool] submitWork(triggerId=us-central1-placeNearby) {"metadata":{"emulator":{"name":"functions"},"message":"[worker-pool] submitWork(triggerId=us-central1-placeNearby)"}}
[debug] [2021-09-16T16:15:22.479Z] [worker-us-central1-placeNearby-6fc9133c-a636-4ebe-a3f1-33b89988d219]: Assigning socketPath: /var/folders/ds/w0rt2pdx54gd_8h64v3938zh0000gn/T/fire_emu_1944.sock {"metadata":{"emulator":{"name":"functions"},"message":"[worker-us-central1-placeNearby-6fc9133c-a636-4ebe-a3f1-33b89988d219]: Assigning socketPath: /var/folders/ds/w0rt2pdx54gd_8h64v3938zh0000gn/T/fire_emu_1944.sock"}}
[debug] [2021-09-16T16:15:22.479Z] [worker-us-central1-placeNearby-6fc9133c-a636-4ebe-a3f1-33b89988d219]: BUSY {"metadata":{"emulator":{"name":"functions"},"message":"[worker-us-central1-placeNearby-6fc9133c-a636-4ebe-a3f1-33b89988d219]: BUSY"}}
[debug] [2021-09-16T16:15:22.479Z] [runtime-status] [1944] Trigger "us-central1-placeNearby" has been found, beginning invocation! {"metadata":{"emulator":{"name":"functions"},"function":{"name":"us-central1-placeNearby"},"message":"[runtime-status] [1944] Trigger \"us-central1-placeNearby\" has been found, beginning invocation!"}}
[info] i  functions: Beginning execution of "us-central1-placeNearby" {"metadata":{"emulator":{"name":"functions"},"function":{"name":"us-central1-placeNearby"},"message":"Beginning execution of \"us-central1-placeNearby\""}}
[debug] [2021-09-16T16:15:22.480Z] [runtime-status] [1944] triggerDefinition {"httpsTrigger":{},"name":"placeNearby","entryPoint":"placeNearby","regions":["us-central1"],"region":"us-central1","id":"us-central1-placeNearby"} {"metadata":{"emulator":{"name":"functions"},"function":{"name":"us-central1-placeNearby"},"message":"[runtime-status] [1944] triggerDefinition {\"httpsTrigger\":{},\"name\":\"placeNearby\",\"entryPoint\":\"placeNearby\",\"regions\":[\"us-central1\"],\"region\":\"us-central1\",\"id\":\"us-central1-placeNearby\"}"}}
[debug] [2021-09-16T16:15:22.480Z] [runtime-status] [1944] Running us-central1-placeNearby in mode HTTPS {"metadata":{"emulator":{"name":"functions"},"function":{"name":"us-central1-placeNearby"},"message":"[runtime-status] [1944] Running us-central1-placeNearby in mode HTTPS"}}
[debug] [2021-09-16T16:15:22.480Z] [runtime-status] [1944] Attempting to listen to socketPath: /var/folders/ds/w0rt2pdx54gd_8h64v3938zh0000gn/T/fire_emu_1944.sock {"metadata":{"emulator":{"name":"functions"},"function":{"name":"us-central1-placeNearby"},"message":"[runtime-status] [1944] Attempting to listen to socketPath: /var/folders/ds/w0rt2pdx54gd_8h64v3938zh0000gn/T/fire_emu_1944.sock"}}
[debug] [2021-09-16T16:15:22.481Z] [functions] Runtime ready! Sending request! {"metadata":{"emulator":{"name":"functions"},"message":"[functions] Runtime ready! Sending request!"}}
[debug] [2021-09-16T16:15:22.481Z] [functions] Got req.url=/native-firebase-638cf/us-central1/placeNearby?location=41.878113,-87.629799, mapping to path=/?location=41.878113,-87.629799 {"metadata":{"emulator":{"name":"functions"},"message":"[functions] Got req.url=/native-firebase-638cf/us-central1/placeNearby?location=41.878113,-87.629799, mapping to path=/?location=41.878113,-87.629799"}}
[debug] [2021-09-16T16:15:22.482Z] [runtime-status] [1944] Ephemeral server handling GET request {"metadata":{"emulator":{"name":"functions"},"function":{"name":"us-central1-placeNearby"},"message":"[runtime-status] [1944] Ephemeral server handling GET request"}}
[debug] [2021-09-16T16:15:22.483Z] [runtime-status] [1944] Ephemeral server survived. {"metadata":{"emulator":{"name":"functions"},"function":{"name":"us-central1-placeNearby"},"message":"[runtime-status] [1944] Ephemeral server survived."}}
[info] i  functions: Finished "us-central1-placeNearby" in ~1s {"metadata":{"emulator":{"name":"functions"},"function":{"name":"us-central1-placeNearby"},"message":"Finished \"us-central1-placeNearby\" in ~1s"}}
[debug] [2021-09-16T16:15:22.485Z] [worker-us-central1-placeNearby-6fc9133c-a636-4ebe-a3f1-33b89988d219]: IDLE {"metadata":{"emulator":{"name":"functions"},"message":"[worker-us-central1-placeNearby-6fc9133c-a636-4ebe-a3f1-33b89988d219]: IDLE"}}
[debug] [2021-09-16T16:15:22.485Z] [work-queue] {"queueLength":0,"workRunningCount":0}
[debug] [2021-09-16T16:15:33.407Z] [work-queue] {"queueLength":1,"workRunningCount":0}
[debug] [2021-09-16T16:15:33.407Z] [work-queue] {"queueLength":0,"workRunningCount":1}
[debug] [2021-09-16T16:15:33.407Z] Accepted request GET /native-firebase-638cf/us-central1/geocode?city=dj --> us-central1-geocode
[debug] [2021-09-16T16:15:33.407Z] [worker-pool] submitWork(triggerId=us-central1-geocode) {"metadata":{"emulator":{"name":"functions"},"message":"[worker-pool] submitWork(triggerId=us-central1-geocode)"}}
[debug] [2021-09-16T16:15:33.407Z] [worker-us-central1-geocode-ce2940e8-6117-4614-8986-9b989116941c]: Assigning socketPath: /var/folders/ds/w0rt2pdx54gd_8h64v3938zh0000gn/T/fire_emu_1942.sock {"metadata":{"emulator":{"name":"functions"},"message":"[worker-us-central1-geocode-ce2940e8-6117-4614-8986-9b989116941c]: Assigning socketPath: /var/folders/ds/w0rt2pdx54gd_8h64v3938zh0000gn/T/fire_emu_1942.sock"}}
[debug] [2021-09-16T16:15:33.407Z] [worker-us-central1-geocode-ce2940e8-6117-4614-8986-9b989116941c]: BUSY {"metadata":{"emulator":{"name":"functions"},"message":"[worker-us-central1-geocode-ce2940e8-6117-4614-8986-9b989116941c]: BUSY"}}
[debug] [2021-09-16T16:15:33.408Z] [runtime-status] [1942] Trigger "us-central1-geocode" has been found, beginning invocation! {"metadata":{"emulator":{"name":"functions"},"function":{"name":"us-central1-geocode"},"message":"[runtime-status] [1942] Trigger \"us-central1-geocode\" has been found, beginning invocation!"}}
[info] i  functions: Beginning execution of "us-central1-geocode" {"metadata":{"emulator":{"name":"functions"},"function":{"name":"us-central1-geocode"},"message":"Beginning execution of \"us-central1-geocode\""}}
[debug] [2021-09-16T16:15:33.408Z] [runtime-status] [1942] triggerDefinition {"httpsTrigger":{},"name":"geocode","entryPoint":"geocode","regions":["us-central1"],"region":"us-central1","id":"us-central1-geocode"} {"metadata":{"emulator":{"name":"functions"},"function":{"name":"us-central1-geocode"},"message":"[runtime-status] [1942] triggerDefinition {\"httpsTrigger\":{},\"name\":\"geocode\",\"entryPoint\":\"geocode\",\"regions\":[\"us-central1\"],\"region\":\"us-central1\",\"id\":\"us-central1-geocode\"}"}}
[debug] [2021-09-16T16:15:33.408Z] [runtime-status] [1942] Running us-central1-geocode in mode HTTPS {"metadata":{"emulator":{"name":"functions"},"function":{"name":"us-central1-geocode"},"message":"[runtime-status] [1942] Running us-central1-geocode in mode HTTPS"}}
[debug] [2021-09-16T16:15:33.408Z] [runtime-status] [1942] Attempting to listen to socketPath: /var/folders/ds/w0rt2pdx54gd_8h64v3938zh0000gn/T/fire_emu_1942.sock {"metadata":{"emulator":{"name":"functions"},"function":{"name":"us-central1-geocode"},"message":"[runtime-status] [1942] Attempting to listen to socketPath: /var/folders/ds/w0rt2pdx54gd_8h64v3938zh0000gn/T/fire_emu_1942.sock"}}
[debug] [2021-09-16T16:15:33.409Z] [functions] Runtime ready! Sending request! {"metadata":{"emulator":{"name":"functions"},"message":"[functions] Runtime ready! Sending request!"}}
[debug] [2021-09-16T16:15:33.409Z] [functions] Got req.url=/native-firebase-638cf/us-central1/geocode?city=dj, mapping to path=/?city=dj {"metadata":{"emulator":{"name":"functions"},"message":"[functions] Got req.url=/native-firebase-638cf/us-central1/geocode?city=dj, mapping to path=/?city=dj"}}
[debug] [2021-09-16T16:15:33.410Z] [runtime-status] [1942] Ephemeral server handling GET request {"metadata":{"emulator":{"name":"functions"},"function":{"name":"us-central1-geocode"},"message":"[runtime-status] [1942] Ephemeral server handling GET request"}}
[debug] [2021-09-16T16:15:33.411Z] [runtime-status] [1942] Ephemeral server survived. {"metadata":{"emulator":{"name":"functions"},"function":{"name":"us-central1-geocode"},"message":"[runtime-status] [1942] Ephemeral server survived."}}
[info] i  functions: Finished "us-central1-geocode" in ~1s {"metadata":{"emulator":{"name":"functions"},"function":{"name":"us-central1-geocode"},"message":"Finished \"us-central1-geocode\" in ~1s"}}
[debug] [2021-09-16T16:15:33.412Z] [worker-us-central1-geocode-ce2940e8-6117-4614-8986-9b989116941c]: IDLE {"metadata":{"emulator":{"name":"functions"},"message":"[worker-us-central1-geocode-ce2940e8-6117-4614-8986-9b989116941c]: IDLE"}}
[debug] [2021-09-16T16:15:33.412Z] [work-queue] {"queueLength":0,"workRunningCount":0}
